C:\D\DATA_2\C++\GIT\DESIGN_PATTERN\STATEGY PATTERN\DEBUG\STATEGY PATTERN.EXE
C:\D\DATA_2\C++\GIT\DESIGN_PATTERN\STATEGY PATTERN\DEBUG\STATEGY PATTERN.PDB
C:\D\Data_2\c++\GIT\Design_Pattern\Stategy Pattern\Stategy Pattern\Debug\cl.command.1.tlog
C:\D\Data_2\c++\GIT\Design_Pattern\Stategy Pattern\Stategy Pattern\Debug\CL.read.1.tlog
C:\D\Data_2\c++\GIT\Design_Pattern\Stategy Pattern\Stategy Pattern\Debug\CL.write.1.tlog
C:\D\DATA_2\C++\GIT\DESIGN_PATTERN\STATEGY PATTERN\STATEGY PATTERN\DEBUG\DUCK.OBJ
C:\D\DATA_2\C++\GIT\DESIGN_PATTERN\STATEGY PATTERN\STATEGY PATTERN\DEBUG\FLYBEHAVIOUR.OBJ
C:\D\DATA_2\C++\GIT\DESIGN_PATTERN\STATEGY PATTERN\STATEGY PATTERN\DEBUG\FLYNOWAY.OBJ
C:\D\DATA_2\C++\GIT\DESIGN_PATTERN\STATEGY PATTERN\STATEGY PATTERN\DEBUG\FLYWITHWINGS.OBJ
C:\D\Data_2\c++\GIT\Design_Pattern\Stategy Pattern\Stategy Pattern\Debug\link.command.1.tlog
C:\D\Data_2\c++\GIT\Design_Pattern\Stategy Pattern\Stategy Pattern\Debug\link.read.1.tlog
C:\D\Data_2\c++\GIT\Design_Pattern\Stategy Pattern\Stategy Pattern\Debug\link.write.1.tlog
C:\D\DATA_2\C++\GIT\DESIGN_PATTERN\STATEGY PATTERN\STATEGY PATTERN\DEBUG\MAIN.OBJ
C:\D\DATA_2\C++\GIT\DESIGN_PATTERN\STATEGY PATTERN\STATEGY PATTERN\DEBUG\MALLARDDUCK.OBJ
C:\D\DATA_2\C++\GIT\DESIGN_PATTERN\STATEGY PATTERN\STATEGY PATTERN\DEBUG\MODELDUCK.OBJ
C:\D\Data_2\c++\GIT\Design_Pattern\Stategy Pattern\Stategy Pattern\Debug\mt.command.1.tlog
C:\D\Data_2\c++\GIT\Design_Pattern\Stategy Pattern\Stategy Pattern\Debug\mt.read.1.tlog
C:\D\Data_2\c++\GIT\Design_Pattern\Stategy Pattern\Stategy Pattern\Debug\mt.write.1.tlog
C:\D\DATA_2\C++\GIT\DESIGN_PATTERN\STATEGY PATTERN\STATEGY PATTERN\DEBUG\MUTEQUACK.OBJ
C:\D\DATA_2\C++\GIT\DESIGN_PATTERN\STATEGY PATTERN\STATEGY PATTERN\DEBUG\QUACK.OBJ
C:\D\DATA_2\C++\GIT\DESIGN_PATTERN\STATEGY PATTERN\STATEGY PATTERN\DEBUG\QUACKBEHAVIOUR.OBJ
C:\D\DATA_2\C++\GIT\DESIGN_PATTERN\STATEGY PATTERN\STATEGY PATTERN\DEBUG\SQUECK.OBJ
C:\D\DATA_2\C++\GIT\DESIGN_PATTERN\STATEGY PATTERN\STATEGY PATTERN\DEBUG\STATEGY PATTERN.EXE.INTERMEDIATE.MANIFEST
C:\D\Data_2\c++\GIT\Design_Pattern\Stategy Pattern\Stategy Pattern\Debug\Stategy Pattern.vcxprojResolveAssemblyReference.cache
C:\D\Data_2\c++\GIT\Design_Pattern\Stategy Pattern\Stategy Pattern\Debug\Stategy Pattern.write.1.tlog
C:\D\Data_2\c++\GIT\Design_Pattern\Stategy Pattern\Stategy Pattern\Debug\vc100.idb
C:\D\DATA_2\C++\GIT\DESIGN_PATTERN\STATEGY PATTERN\STATEGY PATTERN\DEBUG\VC100.PDB
